<?xml version="1.0" encoding="UTF-8"?>
<testsuite xmlns:xsi="http://www.w3.org/2001/XMLSchema-instance" xsi:noNamespaceSchemaLocation="https://maven.apache.org/surefire/maven-surefire-plugin/xsd/surefire-test-report-3.0.xsd" version="3.0" name="test.DrawablesDaoTest" time="0.291" tests="1" errors="1" skipped="0" failures="0">
  <properties>
    <property name="java.specification.version" value="22"/>
    <property name="sun.cpu.isalist" value="amd64"/>
    <property name="sun.jnu.encoding" value="Cp1252"/>
    <property name="java.class.path" value="C:\Users\BLACK\Documents\uni\ESPECIALIZACION_SOFTWARE\Desarrollo de software1\CC\eisclass-daos\target\test-classes;C:\Users\BLACK\Documents\uni\ESPECIALIZACION_SOFTWARE\Desarrollo de software1\CC\eisclass-daos\target\classes;C:\Users\BLACK\.m2\repository\com\google\code\gson\gson\2.11.0\gson-2.11.0.jar;C:\Users\BLACK\.m2\repository\com\google\errorprone\error_prone_annotations\2.27.0\error_prone_annotations-2.27.0.jar;C:\Users\BLACK\.m2\repository\org\junit\jupiter\junit-jupiter-api\5.10.2\junit-jupiter-api-5.10.2.jar;C:\Users\BLACK\.m2\repository\org\opentest4j\opentest4j\1.3.0\opentest4j-1.3.0.jar;C:\Users\BLACK\.m2\repository\org\junit\platform\junit-platform-commons\1.10.2\junit-platform-commons-1.10.2.jar;C:\Users\BLACK\.m2\repository\org\apiguardian\apiguardian-api\1.1.2\apiguardian-api-1.1.2.jar;"/>
    <property name="java.vm.vendor" value="Oracle Corporation"/>
    <property name="sun.arch.data.model" value="64"/>
    <property name="user.variant" value=""/>
    <property name="java.vendor.url" value="https://java.oracle.com/"/>
    <property name="user.timezone" value="America/Bogota"/>
    <property name="os.name" value="Windows 10"/>
    <property name="java.vm.specification.version" value="22"/>
    <property name="user.country" value="CO"/>
    <property name="sun.java.launcher" value="SUN_STANDARD"/>
    <property name="sun.boot.library.path" value="C:\Program Files\Java\jdk-22\bin"/>
    <property name="sun.java.command" value="C:\Users\BLACK\AppData\Local\Temp\surefire7938706583542548787\surefirebooter-20240703204045891_3.jar C:\Users\BLACK\AppData\Local\Temp\surefire7938706583542548787 2024-07-03T20-40-43_862-jvmRun1 surefire-20240703204045891_1tmp surefire_0-20240703204045891_2tmp"/>
    <property name="jdk.debug" value="release"/>
    <property name="test" value="test.DrawablesDaoTest"/>
    <property name="surefire.test.class.path" value="C:\Users\BLACK\Documents\uni\ESPECIALIZACION_SOFTWARE\Desarrollo de software1\CC\eisclass-daos\target\test-classes;C:\Users\BLACK\Documents\uni\ESPECIALIZACION_SOFTWARE\Desarrollo de software1\CC\eisclass-daos\target\classes;C:\Users\BLACK\.m2\repository\com\google\code\gson\gson\2.11.0\gson-2.11.0.jar;C:\Users\BLACK\.m2\repository\com\google\errorprone\error_prone_annotations\2.27.0\error_prone_annotations-2.27.0.jar;C:\Users\BLACK\.m2\repository\org\junit\jupiter\junit-jupiter-api\5.10.2\junit-jupiter-api-5.10.2.jar;C:\Users\BLACK\.m2\repository\org\opentest4j\opentest4j\1.3.0\opentest4j-1.3.0.jar;C:\Users\BLACK\.m2\repository\org\junit\platform\junit-platform-commons\1.10.2\junit-platform-commons-1.10.2.jar;C:\Users\BLACK\.m2\repository\org\apiguardian\apiguardian-api\1.1.2\apiguardian-api-1.1.2.jar;"/>
    <property name="sun.cpu.endian" value="little"/>
    <property name="user.home" value="C:\Users\BLACK"/>
    <property name="user.language" value="es"/>
    <property name="java.specification.vendor" value="Oracle Corporation"/>
    <property name="java.version.date" value="2024-04-16"/>
    <property name="java.home" value="C:\Program Files\Java\jdk-22"/>
    <property name="file.separator" value="\"/>
    <property name="basedir" value="C:\Users\BLACK\Documents\uni\ESPECIALIZACION_SOFTWARE\Desarrollo de software1\CC\eisclass-daos"/>
    <property name="java.vm.compressedOopsMode" value="32-bit"/>
    <property name="line.separator" value="&#10;"/>
    <property name="java.vm.specification.vendor" value="Oracle Corporation"/>
    <property name="java.specification.name" value="Java Platform API Specification"/>
    <property name="surefire.real.class.path" value="C:\Users\BLACK\AppData\Local\Temp\surefire7938706583542548787\surefirebooter-20240703204045891_3.jar"/>
    <property name="user.script" value=""/>
    <property name="sun.management.compiler" value="HotSpot 64-Bit Tiered Compilers"/>
    <property name="java.runtime.version" value="22.0.1+8-16"/>
    <property name="user.name" value="BLACK"/>
    <property name="stdout.encoding" value="Cp1252"/>
    <property name="path.separator" value=";"/>
    <property name="os.version" value="10.0"/>
    <property name="java.runtime.name" value="Java(TM) SE Runtime Environment"/>
    <property name="file.encoding" value="UTF-8"/>
    <property name="java.vm.name" value="Java HotSpot(TM) 64-Bit Server VM"/>
    <property name="maven.ext.class.path" value="C:\Program Files\NetBeans-21\netbeans\java\maven-nblib\netbeans-eventspy.jar"/>
    <property name="localRepository" value="C:\Users\BLACK\.m2\repository"/>
    <property name="java.vendor.url.bug" value="https://bugreport.java.com/bugreport/"/>
    <property name="java.io.tmpdir" value="C:\Users\BLACK\AppData\Local\Temp\"/>
    <property name="java.version" value="22.0.1"/>
    <property name="user.dir" value="C:\Users\BLACK\Documents\uni\ESPECIALIZACION_SOFTWARE\Desarrollo de software1\CC\eisclass-daos"/>
    <property name="os.arch" value="amd64"/>
    <property name="java.vm.specification.name" value="Java Virtual Machine Specification"/>
    <property name="sun.os.patch.level" value=""/>
    <property name="native.encoding" value="Cp1252"/>
    <property name="java.library.path" value="C:\Program Files\Java\jdk-22\bin;C:\WINDOWS\Sun\Java\bin;C:\WINDOWS\system32;C:\WINDOWS;C:\Program Files\Common Files\Oracle\Java\javapath;C:\WINDOWS\system32;C:\WINDOWS;C:\WINDOWS\System32\Wbem;C:\WINDOWS\System32\WindowsPowerShell\v1.0\;C:\WINDOWS\System32\OpenSSH\;C:\Program Files\dotnet\;C:\Program Files\Git\cmd;C:\Users\BLACK\AppData\Roaming\nvm;C:\Program Files\nodejs;C:\Users\BLACK\AppData\Local\Programs\Python\Python312\Scripts\;C:\Users\BLACK\AppData\Local\Programs\Python\Python312\;C:\Users\BLACK\AppData\Local\Microsoft\WindowsApps;C:\Users\BLACK\AppData\Roaming\npm;C:\Users\BLACK\AppData\Local\Programs\Microsoft VS Code\bin;C:\Users\BLACK\AppData\Roaming\nvm;C:\Program Files\nodejs;C:\Program Files\MongoDB\Server\7.0\bin;C:\Program Files\MongoDB\mongosh-2.2.5-win32-x64\bin;C:\Users\BLACK\Documents\uni\ESPECIALIZACION_SOFTWARE\Desarrollo de software1\apache-maven-3.9.7\bin;;."/>
    <property name="java.vm.info" value="mixed mode, sharing"/>
    <property name="stderr.encoding" value="Cp1252"/>
    <property name="java.vendor" value="Oracle Corporation"/>
    <property name="java.vm.version" value="22.0.1+8-16"/>
    <property name="sun.io.unicode.encoding" value="UnicodeLittle"/>
    <property name="java.class.version" value="66.0"/>
  </properties>
  <testcase name="testSerializationDeserialization" classname="test.DrawablesDaoTest" time="0.238">
    <error message="Cannot invoke &quot;com.google.gson.JsonSerializationContext.serialize(Object)&quot; because &quot;context&quot; is null" type="java.lang.NullPointerException"><![CDATA[java.lang.NullPointerException: Cannot invoke "com.google.gson.JsonSerializationContext.serialize(Object)" because "context" is null
	at serialization.ShapeAdapter.serialize(ShapeAdapter.java:25)
	at DAO.DrawablesDao.addShape(DrawablesDao.java:149)
	at test.DrawablesDaoTest.testSerializationDeserialization(DrawablesDaoTest.java:32)
	at java.base/java.lang.reflect.Method.invoke(Method.java:580)
	at java.base/java.util.ArrayList.forEach(ArrayList.java:1597)
	at java.base/java.util.ArrayList.forEach(ArrayList.java:1597)
]]></error>
  </testcase>
</testsuite>